<?xml version="1.0" encoding="UTF-8"?>
<testsuite name="edu.eci.cosw.EsteticappApplicationTests" tests="1" skipped="0" failures="0" errors="0" timestamp="2017-02-09T20:25:10" hostname="linux75" time="0.024">
  <properties/>
  <testcase name="contextLoads" classname="edu.eci.cosw.EsteticappApplicationTests" time="0.024"/>
  <system-out><![CDATA[15:25:09.110 [Test worker] DEBUG org.springframework.test.context.junit4.SpringJUnit4ClassRunner - SpringJUnit4ClassRunner constructor called with [class edu.eci.cosw.EsteticappApplicationTests]
15:25:09.113 [Test worker] DEBUG org.springframework.test.context.BootstrapUtils - Instantiating CacheAwareContextLoaderDelegate from class [org.springframework.test.context.cache.DefaultCacheAwareContextLoaderDelegate]
15:25:09.118 [Test worker] DEBUG org.springframework.test.context.BootstrapUtils - Instantiating BootstrapContext using constructor [public org.springframework.test.context.support.DefaultBootstrapContext(java.lang.Class,org.springframework.test.context.CacheAwareContextLoaderDelegate)]
15:25:09.131 [Test worker] DEBUG org.springframework.test.context.BootstrapUtils - Instantiating TestContextBootstrapper for test class [edu.eci.cosw.EsteticappApplicationTests] from class [org.springframework.boot.test.context.SpringBootTestContextBootstrapper]
15:25:09.140 [Test worker] INFO org.springframework.boot.test.context.SpringBootTestContextBootstrapper - Neither @ContextConfiguration nor @ContextHierarchy found for test class [edu.eci.cosw.EsteticappApplicationTests], using SpringBootContextLoader
15:25:09.142 [Test worker] DEBUG org.springframework.test.context.support.AbstractContextLoader - Did not detect default resource location for test class [edu.eci.cosw.EsteticappApplicationTests]: class path resource [edu/eci/cosw/EsteticappApplicationTests-context.xml] does not exist
15:25:09.143 [Test worker] DEBUG org.springframework.test.context.support.AbstractContextLoader - Did not detect default resource location for test class [edu.eci.cosw.EsteticappApplicationTests]: class path resource [edu/eci/cosw/EsteticappApplicationTestsContext.groovy] does not exist
15:25:09.143 [Test worker] INFO org.springframework.test.context.support.AbstractContextLoader - Could not detect default resource locations for test class [edu.eci.cosw.EsteticappApplicationTests]: no resource found for suffixes {-context.xml, Context.groovy}.
15:25:09.143 [Test worker] INFO org.springframework.test.context.support.AnnotationConfigContextLoaderUtils - Could not detect default configuration classes for test class [edu.eci.cosw.EsteticappApplicationTests]: EsteticappApplicationTests does not declare any static, non-private, non-final, nested classes annotated with @Configuration.
15:25:09.174 [Test worker] DEBUG org.springframework.test.context.support.ActiveProfilesUtils - Could not find an 'annotation declaring class' for annotation type [org.springframework.test.context.ActiveProfiles] and class [edu.eci.cosw.EsteticappApplicationTests]
15:25:09.181 [Test worker] DEBUG org.springframework.core.env.StandardEnvironment - Adding [systemProperties] PropertySource with lowest search precedence
15:25:09.182 [Test worker] DEBUG org.springframework.core.env.StandardEnvironment - Adding [systemEnvironment] PropertySource with lowest search precedence
15:25:09.182 [Test worker] DEBUG org.springframework.core.env.StandardEnvironment - Initialized StandardEnvironment with PropertySources [systemProperties,systemEnvironment]
15:25:09.195 [Test worker] DEBUG org.springframework.core.io.support.PathMatchingResourcePatternResolver - Resolved classpath location [edu/eci/cosw/] to resources [URL [file:/home/local/LABINFO/2094687/git/esteticWeb/build/classes/test/edu/eci/cosw/], URL [file:/home/local/LABINFO/2094687/git/esteticWeb/build/classes/main/edu/eci/cosw/]]
15:25:09.195 [Test worker] DEBUG org.springframework.core.io.support.PathMatchingResourcePatternResolver - Looking for matching resources in directory tree [/home/local/LABINFO/2094687/git/esteticWeb/build/classes/test/edu/eci/cosw]
15:25:09.195 [Test worker] DEBUG org.springframework.core.io.support.PathMatchingResourcePatternResolver - Searching directory [/home/local/LABINFO/2094687/git/esteticWeb/build/classes/test/edu/eci/cosw] for files matching pattern [/home/local/LABINFO/2094687/git/esteticWeb/build/classes/test/edu/eci/cosw/*.class]
15:25:09.198 [Test worker] DEBUG org.springframework.core.io.support.PathMatchingResourcePatternResolver - Looking for matching resources in directory tree [/home/local/LABINFO/2094687/git/esteticWeb/build/classes/main/edu/eci/cosw]
15:25:09.198 [Test worker] DEBUG org.springframework.core.io.support.PathMatchingResourcePatternResolver - Searching directory [/home/local/LABINFO/2094687/git/esteticWeb/build/classes/main/edu/eci/cosw] for files matching pattern [/home/local/LABINFO/2094687/git/esteticWeb/build/classes/main/edu/eci/cosw/*.class]
15:25:09.198 [Test worker] DEBUG org.springframework.core.io.support.PathMatchingResourcePatternResolver - Resolved location pattern [classpath*:edu/eci/cosw/*.class] to resources [file [/home/local/LABINFO/2094687/git/esteticWeb/build/classes/test/edu/eci/cosw/EsteticappApplicationTests.class], file [/home/local/LABINFO/2094687/git/esteticWeb/build/classes/main/edu/eci/cosw/EsteticappApplication.class]]
15:25:09.237 [Test worker] DEBUG org.springframework.context.annotation.ClassPathScanningCandidateComponentProvider - Identified candidate component class: file [/home/local/LABINFO/2094687/git/esteticWeb/build/classes/main/edu/eci/cosw/EsteticappApplication.class]
15:25:09.238 [Test worker] INFO org.springframework.boot.test.context.SpringBootTestContextBootstrapper - Found @SpringBootConfiguration edu.eci.cosw.EsteticappApplication for test class edu.eci.cosw.EsteticappApplicationTests
15:25:09.240 [Test worker] DEBUG org.springframework.boot.test.context.SpringBootTestContextBootstrapper - @TestExecutionListeners is not present for class [edu.eci.cosw.EsteticappApplicationTests]: using defaults.
15:25:09.243 [Test worker] INFO org.springframework.boot.test.context.SpringBootTestContextBootstrapper - Loaded default TestExecutionListener class names from location [META-INF/spring.factories]: [org.springframework.boot.test.mock.mockito.MockitoTestExecutionListener, org.springframework.boot.test.mock.mockito.ResetMocksTestExecutionListener, org.springframework.boot.test.autoconfigure.restdocs.RestDocsTestExecutionListener, org.springframework.boot.test.autoconfigure.web.client.MockRestServiceServerResetTestExecutionListener, org.springframework.boot.test.autoconfigure.web.servlet.MockMvcPrintOnlyOnFailureTestExecutionListener, org.springframework.boot.test.autoconfigure.web.servlet.WebDriverTestExecutionListener, org.springframework.test.context.web.ServletTestExecutionListener, org.springframework.test.context.support.DirtiesContextBeforeModesTestExecutionListener, org.springframework.test.context.support.DependencyInjectionTestExecutionListener, org.springframework.test.context.support.DirtiesContextTestExecutionListener, org.springframework.test.context.transaction.TransactionalTestExecutionListener, org.springframework.test.context.jdbc.SqlScriptsTestExecutionListener]
15:25:09.249 [Test worker] INFO org.springframework.boot.test.context.SpringBootTestContextBootstrapper - Could not instantiate TestExecutionListener [org.springframework.test.context.transaction.TransactionalTestExecutionListener]. Specify custom listener classes or make the default listener classes (and their required dependencies) available. Offending class: [org/springframework/transaction/TransactionDefinition]
15:25:09.252 [Test worker] INFO org.springframework.boot.test.context.SpringBootTestContextBootstrapper - Could not instantiate TestExecutionListener [org.springframework.test.context.jdbc.SqlScriptsTestExecutionListener]. Specify custom listener classes or make the default listener classes (and their required dependencies) available. Offending class: [org/springframework/transaction/interceptor/TransactionAttribute]
15:25:09.253 [Test worker] INFO org.springframework.boot.test.context.SpringBootTestContextBootstrapper - Using TestExecutionListeners: [org.springframework.test.context.web.ServletTestExecutionListener@5b84fc3b, org.springframework.test.context.support.DirtiesContextBeforeModesTestExecutionListener@7b2fbe72, org.springframework.boot.test.autoconfigure.SpringBootDependencyInjectionTestExecutionListener@5645259, org.springframework.test.context.support.DirtiesContextTestExecutionListener@e1da8c3, org.springframework.boot.test.mock.mockito.ResetMocksTestExecutionListener@7204f81f, org.springframework.boot.test.mock.mockito.MockitoTestExecutionListener@745e1403, org.springframework.boot.test.autoconfigure.web.servlet.WebDriverTestExecutionListener@530f764b, org.springframework.boot.test.autoconfigure.web.client.MockRestServiceServerResetTestExecutionListener@30378759, org.springframework.boot.test.autoconfigure.restdocs.RestDocsTestExecutionListener@65265540, org.springframework.boot.test.autoconfigure.web.servlet.MockMvcPrintOnlyOnFailureTestExecutionListener@615cabeb]
15:25:09.254 [Test worker] DEBUG org.springframework.test.annotation.ProfileValueUtils - Retrieved @ProfileValueSourceConfiguration [null] for test class [edu.eci.cosw.EsteticappApplicationTests]
15:25:09.255 [Test worker] DEBUG org.springframework.test.annotation.ProfileValueUtils - Retrieved ProfileValueSource type [class org.springframework.test.annotation.SystemProfileValueSource] for class [edu.eci.cosw.EsteticappApplicationTests]
15:25:09.255 [Test worker] DEBUG org.springframework.test.annotation.ProfileValueUtils - Retrieved @ProfileValueSourceConfiguration [null] for test class [edu.eci.cosw.EsteticappApplicationTests]
15:25:09.255 [Test worker] DEBUG org.springframework.test.annotation.ProfileValueUtils - Retrieved ProfileValueSource type [class org.springframework.test.annotation.SystemProfileValueSource] for class [edu.eci.cosw.EsteticappApplicationTests]
15:25:09.258 [Test worker] DEBUG org.springframework.test.context.support.AbstractDirtiesContextTestExecutionListener - Before test class: context [DefaultTestContext@411f1e13 testClass = EsteticappApplicationTests, testInstance = [null], testMethod = [null], testException = [null], mergedContextConfiguration = [WebMergedContextConfiguration@76410228 testClass = EsteticappApplicationTests, locations = '{}', classes = '{class edu.eci.cosw.EsteticappApplication}', contextInitializerClasses = '[]', activeProfiles = '{}', propertySourceLocations = '{}', propertySourceProperties = '{org.springframework.boot.test.context.SpringBootTestContextBootstrapper=true}', contextCustomizers = set[org.springframework.boot.test.context.SpringBootTestContextCustomizer@62935a4, org.springframework.boot.test.context.filter.ExcludeFilterContextCustomizer@2dcb5655, org.springframework.boot.test.mock.mockito.MockitoContextCustomizer@0, org.springframework.boot.test.autoconfigure.properties.PropertyMappingContextCustomizer@0, org.springframework.boot.test.autoconfigure.web.servlet.WebDriverContextCustomizerFactory$Customizer@23fed1a8], resourceBasePath = 'src/main/webapp', contextLoader = 'org.springframework.boot.test.context.SpringBootContextLoader', parent = [null]]], class annotated with @DirtiesContext [false] with mode [null].
15:25:09.259 [Test worker] DEBUG org.springframework.test.annotation.ProfileValueUtils - Retrieved @ProfileValueSourceConfiguration [null] for test class [edu.eci.cosw.EsteticappApplicationTests]
15:25:09.259 [Test worker] DEBUG org.springframework.test.annotation.ProfileValueUtils - Retrieved ProfileValueSource type [class org.springframework.test.annotation.SystemProfileValueSource] for class [edu.eci.cosw.EsteticappApplicationTests]
15:25:09.299 [Test worker] DEBUG org.springframework.core.env.StandardEnvironment - Adding [systemProperties] PropertySource with lowest search precedence
15:25:09.299 [Test worker] DEBUG org.springframework.core.env.StandardEnvironment - Adding [systemEnvironment] PropertySource with lowest search precedence
15:25:09.299 [Test worker] DEBUG org.springframework.core.env.StandardEnvironment - Initialized StandardEnvironment with PropertySources [systemProperties,systemEnvironment]
15:25:09.300 [Test worker] DEBUG org.springframework.core.env.MutablePropertySources - Adding [inline] PropertySource with highest search precedence
15:25:09.303 [Test worker] DEBUG org.springframework.test.context.support.TestPropertySourceUtils - Adding inlined properties to environment: {spring.jmx.enabled=false, org.springframework.boot.test.context.SpringBootTestContextBootstrapper=true, server.port=-1}
15:25:09.304 [Test worker] DEBUG org.springframework.core.env.StandardEnvironment - Adding [Inlined Test Properties] PropertySource with highest search precedence

  .   ____          _            __ _ _
 /\\ / ___'_ __ _ _(_)_ __  __ _ \ \ \ \
( ( )\___ | '_ | '_| | '_ \/ _` | \ \ \ \
 \\/  ___)| |_)| | | | | || (_| |  ) ) ) )
  '  |____| .__|_| |_|_| |_\__, | / / / /
 =========|_|==============|___/=/_/_/_/
 :: Spring Boot ::        (v1.5.1.RELEASE)

2017-02-09 15:25:09.496  INFO 5544 --- [    Test worker] edu.eci.cosw.EsteticappApplicationTests  : Starting EsteticappApplicationTests on linux75 with PID 5544 (started by 2094687 in /home/local/LABINFO/2094687/git/esteticWeb)
2017-02-09 15:25:09.498  INFO 5544 --- [    Test worker] edu.eci.cosw.EsteticappApplicationTests  : No active profile set, falling back to default profiles: default
2017-02-09 15:25:09.522  INFO 5544 --- [    Test worker] o.s.w.c.s.GenericWebApplicationContext   : Refreshing org.springframework.web.context.support.GenericWebApplicationContext@622f0f96: startup date [Thu Feb 09 15:25:09 COT 2017]; root of context hierarchy
2017-02-09 15:25:10.069  INFO 5544 --- [    Test worker] trationDelegate$BeanPostProcessorChecker : Bean 'org.springframework.boot.autoconfigure.validation.ValidationAutoConfiguration' of type [class org.springframework.boot.autoconfigure.validation.ValidationAutoConfiguration] is not eligible for getting processed by all BeanPostProcessors (for example: not eligible for auto-proxying)
2017-02-09 15:25:10.116  INFO 5544 --- [    Test worker] trationDelegate$BeanPostProcessorChecker : Bean 'validator' of type [class org.springframework.validation.beanvalidation.LocalValidatorFactoryBean] is not eligible for getting processed by all BeanPostProcessors (for example: not eligible for auto-proxying)
2017-02-09 15:25:10.571  INFO 5544 --- [    Test worker] s.w.s.m.m.a.RequestMappingHandlerAdapter : Looking for @ControllerAdvice: org.springframework.web.context.support.GenericWebApplicationContext@622f0f96: startup date [Thu Feb 09 15:25:09 COT 2017]; root of context hierarchy
2017-02-09 15:25:10.630  INFO 5544 --- [    Test worker] s.w.s.m.m.a.RequestMappingHandlerMapping : Mapped "{[/error],produces=[text/html]}" onto public org.springframework.web.servlet.ModelAndView org.springframework.boot.autoconfigure.web.BasicErrorController.errorHtml(javax.servlet.http.HttpServletRequest,javax.servlet.http.HttpServletResponse)
2017-02-09 15:25:10.631  INFO 5544 --- [    Test worker] s.w.s.m.m.a.RequestMappingHandlerMapping : Mapped "{[/error]}" onto public org.springframework.http.ResponseEntity<java.util.Map<java.lang.String, java.lang.Object>> org.springframework.boot.autoconfigure.web.BasicErrorController.error(javax.servlet.http.HttpServletRequest)
2017-02-09 15:25:10.662  INFO 5544 --- [    Test worker] o.s.w.s.handler.SimpleUrlHandlerMapping  : Mapped URL path [/webjars/**] onto handler of type [class org.springframework.web.servlet.resource.ResourceHttpRequestHandler]
2017-02-09 15:25:10.663  INFO 5544 --- [    Test worker] o.s.w.s.handler.SimpleUrlHandlerMapping  : Mapped URL path [/**] onto handler of type [class org.springframework.web.servlet.resource.ResourceHttpRequestHandler]
2017-02-09 15:25:10.699  INFO 5544 --- [    Test worker] o.s.w.s.handler.SimpleUrlHandlerMapping  : Mapped URL path [/**/favicon.ico] onto handler of type [class org.springframework.web.servlet.resource.ResourceHttpRequestHandler]
2017-02-09 15:25:10.875  INFO 5544 --- [    Test worker] edu.eci.cosw.EsteticappApplicationTests  : Started EsteticappApplicationTests in 1.564 seconds (JVM running for 2.181)
]]></system-out>
  <system-err><![CDATA[]]></system-err>
</testsuite>
