<?xml version="1.0" encoding="UTF-8"?>
<testsuite name="edu.eci.cosw.EsteticappApplicationTests" tests="1" skipped="0" failures="0" errors="0" timestamp="2017-02-16T18:01:52" hostname="linux108" time="0.017">
  <properties/>
  <testcase name="contextLoads" classname="edu.eci.cosw.EsteticappApplicationTests" time="0.017"/>
  <system-out><![CDATA[13:01:50.436 [Test worker] DEBUG org.springframework.test.context.junit4.SpringJUnit4ClassRunner - SpringJUnit4ClassRunner constructor called with [class edu.eci.cosw.EsteticappApplicationTests]
13:01:50.440 [Test worker] DEBUG org.springframework.test.context.BootstrapUtils - Instantiating CacheAwareContextLoaderDelegate from class [org.springframework.test.context.cache.DefaultCacheAwareContextLoaderDelegate]
13:01:50.446 [Test worker] DEBUG org.springframework.test.context.BootstrapUtils - Instantiating BootstrapContext using constructor [public org.springframework.test.context.support.DefaultBootstrapContext(java.lang.Class,org.springframework.test.context.CacheAwareContextLoaderDelegate)]
13:01:50.455 [Test worker] DEBUG org.springframework.test.context.BootstrapUtils - Instantiating TestContextBootstrapper for test class [edu.eci.cosw.EsteticappApplicationTests] from class [org.springframework.boot.test.context.SpringBootTestContextBootstrapper]
13:01:50.464 [Test worker] INFO org.springframework.boot.test.context.SpringBootTestContextBootstrapper - Neither @ContextConfiguration nor @ContextHierarchy found for test class [edu.eci.cosw.EsteticappApplicationTests], using SpringBootContextLoader
13:01:50.467 [Test worker] DEBUG org.springframework.test.context.support.AbstractContextLoader - Did not detect default resource location for test class [edu.eci.cosw.EsteticappApplicationTests]: class path resource [edu/eci/cosw/EsteticappApplicationTests-context.xml] does not exist
13:01:50.467 [Test worker] DEBUG org.springframework.test.context.support.AbstractContextLoader - Did not detect default resource location for test class [edu.eci.cosw.EsteticappApplicationTests]: class path resource [edu/eci/cosw/EsteticappApplicationTestsContext.groovy] does not exist
13:01:50.467 [Test worker] INFO org.springframework.test.context.support.AbstractContextLoader - Could not detect default resource locations for test class [edu.eci.cosw.EsteticappApplicationTests]: no resource found for suffixes {-context.xml, Context.groovy}.
13:01:50.468 [Test worker] INFO org.springframework.test.context.support.AnnotationConfigContextLoaderUtils - Could not detect default configuration classes for test class [edu.eci.cosw.EsteticappApplicationTests]: EsteticappApplicationTests does not declare any static, non-private, non-final, nested classes annotated with @Configuration.
13:01:50.489 [Test worker] DEBUG org.springframework.test.context.support.ActiveProfilesUtils - Could not find an 'annotation declaring class' for annotation type [org.springframework.test.context.ActiveProfiles] and class [edu.eci.cosw.EsteticappApplicationTests]
13:01:50.494 [Test worker] DEBUG org.springframework.core.env.StandardEnvironment - Adding [systemProperties] PropertySource with lowest search precedence
13:01:50.495 [Test worker] DEBUG org.springframework.core.env.StandardEnvironment - Adding [systemEnvironment] PropertySource with lowest search precedence
13:01:50.495 [Test worker] DEBUG org.springframework.core.env.StandardEnvironment - Initialized StandardEnvironment with PropertySources [systemProperties,systemEnvironment]
13:01:50.501 [Test worker] DEBUG org.springframework.core.io.support.PathMatchingResourcePatternResolver - Resolved classpath location [edu/eci/cosw/] to resources [URL [file:/home/local/LABINFO/2101240/esteticWeb/build/classes/test/edu/eci/cosw/], URL [file:/home/local/LABINFO/2101240/esteticWeb/build/classes/main/edu/eci/cosw/]]
13:01:50.501 [Test worker] DEBUG org.springframework.core.io.support.PathMatchingResourcePatternResolver - Looking for matching resources in directory tree [/home/local/LABINFO/2101240/esteticWeb/build/classes/test/edu/eci/cosw]
13:01:50.501 [Test worker] DEBUG org.springframework.core.io.support.PathMatchingResourcePatternResolver - Searching directory [/home/local/LABINFO/2101240/esteticWeb/build/classes/test/edu/eci/cosw] for files matching pattern [/home/local/LABINFO/2101240/esteticWeb/build/classes/test/edu/eci/cosw/*.class]
13:01:50.503 [Test worker] DEBUG org.springframework.core.io.support.PathMatchingResourcePatternResolver - Looking for matching resources in directory tree [/home/local/LABINFO/2101240/esteticWeb/build/classes/main/edu/eci/cosw]
13:01:50.503 [Test worker] DEBUG org.springframework.core.io.support.PathMatchingResourcePatternResolver - Searching directory [/home/local/LABINFO/2101240/esteticWeb/build/classes/main/edu/eci/cosw] for files matching pattern [/home/local/LABINFO/2101240/esteticWeb/build/classes/main/edu/eci/cosw/*.class]
13:01:50.504 [Test worker] DEBUG org.springframework.core.io.support.PathMatchingResourcePatternResolver - Resolved location pattern [classpath*:edu/eci/cosw/*.class] to resources [file [/home/local/LABINFO/2101240/esteticWeb/build/classes/test/edu/eci/cosw/EsteticappApplicationTests.class], file [/home/local/LABINFO/2101240/esteticWeb/build/classes/main/edu/eci/cosw/EsteticappApplication$SecurityConfiguration$1.class], file [/home/local/LABINFO/2101240/esteticWeb/build/classes/main/edu/eci/cosw/EsteticappApplication$SecurityConfiguration.class], file [/home/local/LABINFO/2101240/esteticWeb/build/classes/main/edu/eci/cosw/EsteticappApplication.class]]
13:01:50.539 [Test worker] DEBUG org.springframework.context.annotation.ClassPathScanningCandidateComponentProvider - Identified candidate component class: file [/home/local/LABINFO/2101240/esteticWeb/build/classes/main/edu/eci/cosw/EsteticappApplication.class]
13:01:50.540 [Test worker] INFO org.springframework.boot.test.context.SpringBootTestContextBootstrapper - Found @SpringBootConfiguration edu.eci.cosw.EsteticappApplication for test class edu.eci.cosw.EsteticappApplicationTests
13:01:50.543 [Test worker] DEBUG org.springframework.boot.test.context.SpringBootTestContextBootstrapper - @TestExecutionListeners is not present for class [edu.eci.cosw.EsteticappApplicationTests]: using defaults.
13:01:50.546 [Test worker] INFO org.springframework.boot.test.context.SpringBootTestContextBootstrapper - Loaded default TestExecutionListener class names from location [META-INF/spring.factories]: [org.springframework.boot.test.mock.mockito.MockitoTestExecutionListener, org.springframework.boot.test.mock.mockito.ResetMocksTestExecutionListener, org.springframework.boot.test.autoconfigure.restdocs.RestDocsTestExecutionListener, org.springframework.boot.test.autoconfigure.web.client.MockRestServiceServerResetTestExecutionListener, org.springframework.boot.test.autoconfigure.web.servlet.MockMvcPrintOnlyOnFailureTestExecutionListener, org.springframework.boot.test.autoconfigure.web.servlet.WebDriverTestExecutionListener, org.springframework.test.context.web.ServletTestExecutionListener, org.springframework.test.context.support.DirtiesContextBeforeModesTestExecutionListener, org.springframework.test.context.support.DependencyInjectionTestExecutionListener, org.springframework.test.context.support.DirtiesContextTestExecutionListener, org.springframework.test.context.transaction.TransactionalTestExecutionListener, org.springframework.test.context.jdbc.SqlScriptsTestExecutionListener]
13:01:50.552 [Test worker] INFO org.springframework.boot.test.context.SpringBootTestContextBootstrapper - Could not instantiate TestExecutionListener [org.springframework.test.context.transaction.TransactionalTestExecutionListener]. Specify custom listener classes or make the default listener classes (and their required dependencies) available. Offending class: [org/springframework/transaction/TransactionDefinition]
13:01:50.556 [Test worker] INFO org.springframework.boot.test.context.SpringBootTestContextBootstrapper - Could not instantiate TestExecutionListener [org.springframework.test.context.jdbc.SqlScriptsTestExecutionListener]. Specify custom listener classes or make the default listener classes (and their required dependencies) available. Offending class: [org/springframework/transaction/interceptor/TransactionAttribute]
13:01:50.556 [Test worker] INFO org.springframework.boot.test.context.SpringBootTestContextBootstrapper - Using TestExecutionListeners: [org.springframework.test.context.web.ServletTestExecutionListener@7d6635f3, org.springframework.test.context.support.DirtiesContextBeforeModesTestExecutionListener@446701dd, org.springframework.boot.test.autoconfigure.SpringBootDependencyInjectionTestExecutionListener@15e3475c, org.springframework.test.context.support.DirtiesContextTestExecutionListener@44b84ef, org.springframework.boot.test.autoconfigure.restdocs.RestDocsTestExecutionListener@484ef038, org.springframework.boot.test.mock.mockito.MockitoTestExecutionListener@345b7905, org.springframework.boot.test.autoconfigure.web.servlet.WebDriverTestExecutionListener@3b8d0175, org.springframework.boot.test.mock.mockito.ResetMocksTestExecutionListener@63399617, org.springframework.boot.test.autoconfigure.web.client.MockRestServiceServerResetTestExecutionListener@5cc97578, org.springframework.boot.test.autoconfigure.web.servlet.MockMvcPrintOnlyOnFailureTestExecutionListener@33b5acb5]
13:01:50.559 [Test worker] DEBUG org.springframework.test.annotation.ProfileValueUtils - Retrieved @ProfileValueSourceConfiguration [null] for test class [edu.eci.cosw.EsteticappApplicationTests]
13:01:50.559 [Test worker] DEBUG org.springframework.test.annotation.ProfileValueUtils - Retrieved ProfileValueSource type [class org.springframework.test.annotation.SystemProfileValueSource] for class [edu.eci.cosw.EsteticappApplicationTests]
13:01:50.560 [Test worker] DEBUG org.springframework.test.annotation.ProfileValueUtils - Retrieved @ProfileValueSourceConfiguration [null] for test class [edu.eci.cosw.EsteticappApplicationTests]
13:01:50.560 [Test worker] DEBUG org.springframework.test.annotation.ProfileValueUtils - Retrieved ProfileValueSource type [class org.springframework.test.annotation.SystemProfileValueSource] for class [edu.eci.cosw.EsteticappApplicationTests]
13:01:50.562 [Test worker] DEBUG org.springframework.test.context.support.AbstractDirtiesContextTestExecutionListener - Before test class: context [DefaultTestContext@3af545a testClass = EsteticappApplicationTests, testInstance = [null], testMethod = [null], testException = [null], mergedContextConfiguration = [WebMergedContextConfiguration@5a682e0f testClass = EsteticappApplicationTests, locations = '{}', classes = '{class edu.eci.cosw.EsteticappApplication}', contextInitializerClasses = '[]', activeProfiles = '{}', propertySourceLocations = '{}', propertySourceProperties = '{org.springframework.boot.test.context.SpringBootTestContextBootstrapper=true}', contextCustomizers = set[org.springframework.boot.test.context.SpringBootTestContextCustomizer@4d66d963, org.springframework.boot.test.context.filter.ExcludeFilterContextCustomizer@60b3c2e9, org.springframework.boot.test.mock.mockito.MockitoContextCustomizer@0, org.springframework.boot.test.autoconfigure.properties.PropertyMappingContextCustomizer@0, org.springframework.boot.test.autoconfigure.web.servlet.WebDriverContextCustomizerFactory$Customizer@148a7600], resourceBasePath = 'src/main/webapp', contextLoader = 'org.springframework.boot.test.context.SpringBootContextLoader', parent = [null]]], class annotated with @DirtiesContext [false] with mode [null].
13:01:50.563 [Test worker] DEBUG org.springframework.test.annotation.ProfileValueUtils - Retrieved @ProfileValueSourceConfiguration [null] for test class [edu.eci.cosw.EsteticappApplicationTests]
13:01:50.563 [Test worker] DEBUG org.springframework.test.annotation.ProfileValueUtils - Retrieved ProfileValueSource type [class org.springframework.test.annotation.SystemProfileValueSource] for class [edu.eci.cosw.EsteticappApplicationTests]
13:01:50.596 [Test worker] DEBUG org.springframework.core.env.StandardEnvironment - Adding [systemProperties] PropertySource with lowest search precedence
13:01:50.596 [Test worker] DEBUG org.springframework.core.env.StandardEnvironment - Adding [systemEnvironment] PropertySource with lowest search precedence
13:01:50.596 [Test worker] DEBUG org.springframework.core.env.StandardEnvironment - Initialized StandardEnvironment with PropertySources [systemProperties,systemEnvironment]
13:01:50.597 [Test worker] DEBUG org.springframework.core.env.MutablePropertySources - Adding [inline] PropertySource with highest search precedence
13:01:50.600 [Test worker] DEBUG org.springframework.test.context.support.TestPropertySourceUtils - Adding inlined properties to environment: {spring.jmx.enabled=false, org.springframework.boot.test.context.SpringBootTestContextBootstrapper=true, server.port=-1}
13:01:50.600 [Test worker] DEBUG org.springframework.core.env.StandardEnvironment - Adding [Inlined Test Properties] PropertySource with highest search precedence

  .   ____          _            __ _ _
 /\\ / ___'_ __ _ _(_)_ __  __ _ \ \ \ \
( ( )\___ | '_ | '_| | '_ \/ _` | \ \ \ \
 \\/  ___)| |_)| | | | | || (_| |  ) ) ) )
  '  |____| .__|_| |_|_| |_\__, | / / / /
 =========|_|==============|___/=/_/_/_/
 :: Spring Boot ::        (v1.5.1.RELEASE)

2017-02-16 13:01:50.761  INFO 10947 --- [    Test worker] edu.eci.cosw.EsteticappApplicationTests  : Starting EsteticappApplicationTests on linux108 with PID 10947 (started by 2101240 in /home/local/LABINFO/2101240/esteticWeb)
2017-02-16 13:01:50.762  INFO 10947 --- [    Test worker] edu.eci.cosw.EsteticappApplicationTests  : No active profile set, falling back to default profiles: default
2017-02-16 13:01:50.899  INFO 10947 --- [    Test worker] o.s.w.c.s.GenericWebApplicationContext   : Refreshing org.springframework.web.context.support.GenericWebApplicationContext@1f1e7ce9: startup date [Thu Feb 16 13:01:50 COT 2017]; root of context hierarchy
2017-02-16 13:01:51.474  INFO 10947 --- [    Test worker] trationDelegate$BeanPostProcessorChecker : Bean 'org.springframework.boot.autoconfigure.validation.ValidationAutoConfiguration' of type [class org.springframework.boot.autoconfigure.validation.ValidationAutoConfiguration] is not eligible for getting processed by all BeanPostProcessors (for example: not eligible for auto-proxying)
2017-02-16 13:01:51.519  INFO 10947 --- [    Test worker] trationDelegate$BeanPostProcessorChecker : Bean 'validator' of type [class org.springframework.validation.beanvalidation.LocalValidatorFactoryBean] is not eligible for getting processed by all BeanPostProcessors (for example: not eligible for auto-proxying)
2017-02-16 13:01:51.540  INFO 10947 --- [    Test worker] trationDelegate$BeanPostProcessorChecker : Bean 'org.springframework.security.config.annotation.configuration.ObjectPostProcessorConfiguration' of type [class org.springframework.security.config.annotation.configuration.ObjectPostProcessorConfiguration$$EnhancerBySpringCGLIB$$5ece8945] is not eligible for getting processed by all BeanPostProcessors (for example: not eligible for auto-proxying)
2017-02-16 13:01:51.550  INFO 10947 --- [    Test worker] trationDelegate$BeanPostProcessorChecker : Bean 'objectPostProcessor' of type [class org.springframework.security.config.annotation.configuration.AutowireBeanFactoryObjectPostProcessor] is not eligible for getting processed by all BeanPostProcessors (for example: not eligible for auto-proxying)
2017-02-16 13:01:51.551  INFO 10947 --- [    Test worker] trationDelegate$BeanPostProcessorChecker : Bean 'org.springframework.security.access.expression.method.DefaultMethodSecurityExpressionHandler@25d2e4d5' of type [class org.springframework.security.access.expression.method.DefaultMethodSecurityExpressionHandler] is not eligible for getting processed by all BeanPostProcessors (for example: not eligible for auto-proxying)
2017-02-16 13:01:51.556  INFO 10947 --- [    Test worker] trationDelegate$BeanPostProcessorChecker : Bean 'org.springframework.security.config.annotation.method.configuration.GlobalMethodSecurityConfiguration' of type [class org.springframework.security.config.annotation.method.configuration.GlobalMethodSecurityConfiguration$$EnhancerBySpringCGLIB$$83a32bf7] is not eligible for getting processed by all BeanPostProcessors (for example: not eligible for auto-proxying)
2017-02-16 13:01:51.570  INFO 10947 --- [    Test worker] trationDelegate$BeanPostProcessorChecker : Bean 'methodSecurityMetadataSource' of type [class org.springframework.security.access.method.DelegatingMethodSecurityMetadataSource] is not eligible for getting processed by all BeanPostProcessors (for example: not eligible for auto-proxying)
2017-02-16 13:01:52.024  INFO 10947 --- [    Test worker] s.w.s.m.m.a.RequestMappingHandlerAdapter : Looking for @ControllerAdvice: org.springframework.web.context.support.GenericWebApplicationContext@1f1e7ce9: startup date [Thu Feb 16 13:01:50 COT 2017]; root of context hierarchy
2017-02-16 13:01:52.081  INFO 10947 --- [    Test worker] s.w.s.m.m.a.RequestMappingHandlerMapping : Mapped "{[/app/user]}" onto public java.security.Principal edu.eci.cosw.controllersAPI.UserControllerApi.user(java.security.Principal)
2017-02-16 13:01:52.083  INFO 10947 --- [    Test worker] s.w.s.m.m.a.RequestMappingHandlerMapping : Mapped "{[/error],produces=[text/html]}" onto public org.springframework.web.servlet.ModelAndView org.springframework.boot.autoconfigure.web.BasicErrorController.errorHtml(javax.servlet.http.HttpServletRequest,javax.servlet.http.HttpServletResponse)
2017-02-16 13:01:52.083  INFO 10947 --- [    Test worker] s.w.s.m.m.a.RequestMappingHandlerMapping : Mapped "{[/error]}" onto public org.springframework.http.ResponseEntity<java.util.Map<java.lang.String, java.lang.Object>> org.springframework.boot.autoconfigure.web.BasicErrorController.error(javax.servlet.http.HttpServletRequest)
2017-02-16 13:01:52.122  INFO 10947 --- [    Test worker] o.s.w.s.handler.SimpleUrlHandlerMapping  : Mapped URL path [/webjars/**] onto handler of type [class org.springframework.web.servlet.resource.ResourceHttpRequestHandler]
2017-02-16 13:01:52.122  INFO 10947 --- [    Test worker] o.s.w.s.handler.SimpleUrlHandlerMapping  : Mapped URL path [/**] onto handler of type [class org.springframework.web.servlet.resource.ResourceHttpRequestHandler]
2017-02-16 13:01:52.160  INFO 10947 --- [    Test worker] o.s.w.s.handler.SimpleUrlHandlerMapping  : Mapped URL path [/**/favicon.ico] onto handler of type [class org.springframework.web.servlet.resource.ResourceHttpRequestHandler]
2017-02-16 13:01:52.303  INFO 10947 --- [    Test worker] b.a.s.AuthenticationManagerConfiguration : 

Using default security password: 29767a37-04f6-4f79-bbfc-6648507d8ec1

2017-02-16 13:01:52.306  INFO 10947 --- [    Test worker] o.s.s.web.DefaultSecurityFilterChain     : Creating filter chain: OrRequestMatcher [requestMatchers=[Ant [pattern='/css/**'], Ant [pattern='/js/**'], Ant [pattern='/images/**'], Ant [pattern='/webjars/**'], Ant [pattern='/**/favicon.ico'], Ant [pattern='/error']]], []
2017-02-16 13:01:52.360  INFO 10947 --- [    Test worker] o.s.s.web.DefaultSecurityFilterChain     : Creating filter chain: org.springframework.security.web.util.matcher.AnyRequestMatcher@1, [org.springframework.security.web.context.request.async.WebAsyncManagerIntegrationFilter@3b1ad6ae, org.springframework.security.web.context.SecurityContextPersistenceFilter@7eb49705, org.springframework.security.web.header.HeaderWriterFilter@2984067, org.springframework.security.web.csrf.CsrfFilter@536ce27f, edu.eci.cosw.EsteticappApplication$SecurityConfiguration$1@21069493, org.springframework.security.web.authentication.logout.LogoutFilter@5b3d05e5, org.springframework.security.web.authentication.www.BasicAuthenticationFilter@f8010e6, org.springframework.security.web.savedrequest.RequestCacheAwareFilter@5687946f, org.springframework.security.web.servletapi.SecurityContextHolderAwareRequestFilter@58505110, org.springframework.security.web.authentication.AnonymousAuthenticationFilter@1440d5eb, org.springframework.security.web.session.SessionManagementFilter@8a6b409, org.springframework.security.web.access.ExceptionTranslationFilter@74c0b7f3, org.springframework.security.web.access.intercept.FilterSecurityInterceptor@4f5abb8d]
2017-02-16 13:01:52.364  INFO 10947 --- [    Test worker] o.s.s.web.DefaultSecurityFilterChain     : Creating filter chain: OrRequestMatcher [requestMatchers=[Ant [pattern='/**']]], [org.springframework.security.web.context.request.async.WebAsyncManagerIntegrationFilter@1bccbeb8, org.springframework.security.web.context.SecurityContextPersistenceFilter@145bd54b, org.springframework.security.web.header.HeaderWriterFilter@5b47b81c, org.springframework.security.web.authentication.logout.LogoutFilter@42e4e16e, org.springframework.security.web.authentication.www.BasicAuthenticationFilter@85f85f4, org.springframework.security.web.savedrequest.RequestCacheAwareFilter@19a54a3c, org.springframework.security.web.servletapi.SecurityContextHolderAwareRequestFilter@7fc4964c, org.springframework.security.web.authentication.AnonymousAuthenticationFilter@1cefb45f, org.springframework.security.web.session.SessionManagementFilter@3d700daf, org.springframework.security.web.access.ExceptionTranslationFilter@1203ee02, org.springframework.security.web.access.intercept.FilterSecurityInterceptor@679ba8ab]
2017-02-16 13:01:52.449  INFO 10947 --- [    Test worker] edu.eci.cosw.EsteticappApplicationTests  : Started EsteticappApplicationTests in 1.844 seconds (JVM running for 2.359)
]]></system-out>
  <system-err><![CDATA[]]></system-err>
</testsuite>
