<?xml version="1.0" encoding="UTF-8"?>
<testsuite name="edu.eci.cosw.EsteticappApplicationTests" tests="1" skipped="0" failures="0" errors="0" timestamp="2017-02-18T17:57:19" hostname="DESKTOP-M6PG1UP" time="0.194">
  <properties/>
  <testcase name="contextLoads" classname="edu.eci.cosw.EsteticappApplicationTests" time="0.194"/>
  <system-out><![CDATA[12:56:56.957 [Test worker] DEBUG org.springframework.test.context.junit4.SpringJUnit4ClassRunner - SpringJUnit4ClassRunner constructor called with [class edu.eci.cosw.EsteticappApplicationTests]
12:56:57.024 [Test worker] DEBUG org.springframework.test.context.BootstrapUtils - Instantiating CacheAwareContextLoaderDelegate from class [org.springframework.test.context.cache.DefaultCacheAwareContextLoaderDelegate]
12:56:57.138 [Test worker] DEBUG org.springframework.test.context.BootstrapUtils - Instantiating BootstrapContext using constructor [public org.springframework.test.context.support.DefaultBootstrapContext(java.lang.Class,org.springframework.test.context.CacheAwareContextLoaderDelegate)]
12:56:57.340 [Test worker] DEBUG org.springframework.test.context.BootstrapUtils - Instantiating TestContextBootstrapper for test class [edu.eci.cosw.EsteticappApplicationTests] from class [org.springframework.boot.test.context.SpringBootTestContextBootstrapper]
12:56:57.461 [Test worker] INFO org.springframework.boot.test.context.SpringBootTestContextBootstrapper - Neither @ContextConfiguration nor @ContextHierarchy found for test class [edu.eci.cosw.EsteticappApplicationTests], using SpringBootContextLoader
12:56:57.501 [Test worker] DEBUG org.springframework.test.context.support.AbstractContextLoader - Did not detect default resource location for test class [edu.eci.cosw.EsteticappApplicationTests]: class path resource [edu/eci/cosw/EsteticappApplicationTests-context.xml] does not exist
12:56:57.506 [Test worker] DEBUG org.springframework.test.context.support.AbstractContextLoader - Did not detect default resource location for test class [edu.eci.cosw.EsteticappApplicationTests]: class path resource [edu/eci/cosw/EsteticappApplicationTestsContext.groovy] does not exist
12:56:57.511 [Test worker] INFO org.springframework.test.context.support.AbstractContextLoader - Could not detect default resource locations for test class [edu.eci.cosw.EsteticappApplicationTests]: no resource found for suffixes {-context.xml, Context.groovy}.
12:56:57.524 [Test worker] INFO org.springframework.test.context.support.AnnotationConfigContextLoaderUtils - Could not detect default configuration classes for test class [edu.eci.cosw.EsteticappApplicationTests]: EsteticappApplicationTests does not declare any static, non-private, non-final, nested classes annotated with @Configuration.
12:56:57.787 [Test worker] DEBUG org.springframework.test.context.support.ActiveProfilesUtils - Could not find an 'annotation declaring class' for annotation type [org.springframework.test.context.ActiveProfiles] and class [edu.eci.cosw.EsteticappApplicationTests]
12:56:57.832 [Test worker] DEBUG org.springframework.core.env.StandardEnvironment - Adding [systemProperties] PropertySource with lowest search precedence
12:56:57.833 [Test worker] DEBUG org.springframework.core.env.StandardEnvironment - Adding [systemEnvironment] PropertySource with lowest search precedence
12:56:57.834 [Test worker] DEBUG org.springframework.core.env.StandardEnvironment - Initialized StandardEnvironment with PropertySources [systemProperties,systemEnvironment]
12:56:57.889 [Test worker] DEBUG org.springframework.core.io.support.PathMatchingResourcePatternResolver - Resolved classpath location [edu/eci/cosw/] to resources [URL [file:/C:/Users/ANDRES%20CAICEDO/esteticWeb/build/classes/test/edu/eci/cosw/], URL [file:/C:/Users/ANDRES%20CAICEDO/esteticWeb/build/classes/main/edu/eci/cosw/]]
12:56:57.892 [Test worker] DEBUG org.springframework.core.io.support.PathMatchingResourcePatternResolver - Looking for matching resources in directory tree [C:\Users\ANDRES CAICEDO\esteticWeb\build\classes\test\edu\eci\cosw]
12:56:57.894 [Test worker] DEBUG org.springframework.core.io.support.PathMatchingResourcePatternResolver - Searching directory [C:\Users\ANDRES CAICEDO\esteticWeb\build\classes\test\edu\eci\cosw] for files matching pattern [C:/Users/ANDRES CAICEDO/esteticWeb/build/classes/test/edu/eci/cosw/*.class]
12:56:57.911 [Test worker] DEBUG org.springframework.core.io.support.PathMatchingResourcePatternResolver - Looking for matching resources in directory tree [C:\Users\ANDRES CAICEDO\esteticWeb\build\classes\main\edu\eci\cosw]
12:56:57.913 [Test worker] DEBUG org.springframework.core.io.support.PathMatchingResourcePatternResolver - Searching directory [C:\Users\ANDRES CAICEDO\esteticWeb\build\classes\main\edu\eci\cosw] for files matching pattern [C:/Users/ANDRES CAICEDO/esteticWeb/build/classes/main/edu/eci/cosw/*.class]
12:56:57.921 [Test worker] DEBUG org.springframework.core.io.support.PathMatchingResourcePatternResolver - Resolved location pattern [classpath*:edu/eci/cosw/*.class] to resources [file [C:\Users\ANDRES CAICEDO\esteticWeb\build\classes\test\edu\eci\cosw\EsteticappApplicationTests.class], file [C:\Users\ANDRES CAICEDO\esteticWeb\build\classes\main\edu\eci\cosw\EsteticappApplication$SecurityConfiguration$1.class], file [C:\Users\ANDRES CAICEDO\esteticWeb\build\classes\main\edu\eci\cosw\EsteticappApplication$SecurityConfiguration.class], file [C:\Users\ANDRES CAICEDO\esteticWeb\build\classes\main\edu\eci\cosw\EsteticappApplication.class]]
12:56:58.321 [Test worker] DEBUG org.springframework.context.annotation.ClassPathScanningCandidateComponentProvider - Identified candidate component class: file [C:\Users\ANDRES CAICEDO\esteticWeb\build\classes\main\edu\eci\cosw\EsteticappApplication.class]
12:56:58.331 [Test worker] INFO org.springframework.boot.test.context.SpringBootTestContextBootstrapper - Found @SpringBootConfiguration edu.eci.cosw.EsteticappApplication for test class edu.eci.cosw.EsteticappApplicationTests
12:56:58.359 [Test worker] DEBUG org.springframework.boot.test.context.SpringBootTestContextBootstrapper - @TestExecutionListeners is not present for class [edu.eci.cosw.EsteticappApplicationTests]: using defaults.
12:56:58.392 [Test worker] INFO org.springframework.boot.test.context.SpringBootTestContextBootstrapper - Loaded default TestExecutionListener class names from location [META-INF/spring.factories]: [org.springframework.boot.test.mock.mockito.MockitoTestExecutionListener, org.springframework.boot.test.mock.mockito.ResetMocksTestExecutionListener, org.springframework.boot.test.autoconfigure.restdocs.RestDocsTestExecutionListener, org.springframework.boot.test.autoconfigure.web.client.MockRestServiceServerResetTestExecutionListener, org.springframework.boot.test.autoconfigure.web.servlet.MockMvcPrintOnlyOnFailureTestExecutionListener, org.springframework.boot.test.autoconfigure.web.servlet.WebDriverTestExecutionListener, org.springframework.test.context.web.ServletTestExecutionListener, org.springframework.test.context.support.DirtiesContextBeforeModesTestExecutionListener, org.springframework.test.context.support.DependencyInjectionTestExecutionListener, org.springframework.test.context.support.DirtiesContextTestExecutionListener, org.springframework.test.context.transaction.TransactionalTestExecutionListener, org.springframework.test.context.jdbc.SqlScriptsTestExecutionListener]
12:56:58.750 [Test worker] INFO org.springframework.boot.test.context.SpringBootTestContextBootstrapper - Could not instantiate TestExecutionListener [org.springframework.test.context.jdbc.SqlScriptsTestExecutionListener]. Specify custom listener classes or make the default listener classes (and their required dependencies) available. Offending class: [org/springframework/transaction/interceptor/TransactionAttribute]
12:56:58.762 [Test worker] INFO org.springframework.boot.test.context.SpringBootTestContextBootstrapper - Could not instantiate TestExecutionListener [org.springframework.test.context.transaction.TransactionalTestExecutionListener]. Specify custom listener classes or make the default listener classes (and their required dependencies) available. Offending class: [org/springframework/transaction/interceptor/TransactionAttributeSource]
12:56:58.764 [Test worker] INFO org.springframework.boot.test.context.SpringBootTestContextBootstrapper - Using TestExecutionListeners: [org.springframework.test.context.web.ServletTestExecutionListener@e202672, org.springframework.test.context.support.DirtiesContextBeforeModesTestExecutionListener@279b49a9, org.springframework.boot.test.autoconfigure.SpringBootDependencyInjectionTestExecutionListener@472966f7, org.springframework.test.context.support.DirtiesContextTestExecutionListener@431ad7aa, org.springframework.boot.test.autoconfigure.web.client.MockRestServiceServerResetTestExecutionListener@4c067a0d, org.springframework.boot.test.autoconfigure.web.servlet.MockMvcPrintOnlyOnFailureTestExecutionListener@312da425, org.springframework.boot.test.autoconfigure.restdocs.RestDocsTestExecutionListener@3dbf7229, org.springframework.boot.test.mock.mockito.MockitoTestExecutionListener@288d55b3, org.springframework.boot.test.mock.mockito.ResetMocksTestExecutionListener@572484bd, org.springframework.boot.test.autoconfigure.web.servlet.WebDriverTestExecutionListener@bf41ef0]
12:56:58.783 [Test worker] DEBUG org.springframework.test.annotation.ProfileValueUtils - Retrieved @ProfileValueSourceConfiguration [null] for test class [edu.eci.cosw.EsteticappApplicationTests]
12:56:58.793 [Test worker] DEBUG org.springframework.test.annotation.ProfileValueUtils - Retrieved ProfileValueSource type [class org.springframework.test.annotation.SystemProfileValueSource] for class [edu.eci.cosw.EsteticappApplicationTests]
12:56:58.804 [Test worker] DEBUG org.springframework.test.annotation.ProfileValueUtils - Retrieved @ProfileValueSourceConfiguration [null] for test class [edu.eci.cosw.EsteticappApplicationTests]
12:56:58.808 [Test worker] DEBUG org.springframework.test.annotation.ProfileValueUtils - Retrieved ProfileValueSource type [class org.springframework.test.annotation.SystemProfileValueSource] for class [edu.eci.cosw.EsteticappApplicationTests]
12:56:58.847 [Test worker] DEBUG org.springframework.test.context.support.AbstractDirtiesContextTestExecutionListener - Before test class: context [DefaultTestContext@53d9e724 testClass = EsteticappApplicationTests, testInstance = [null], testMethod = [null], testException = [null], mergedContextConfiguration = [WebMergedContextConfiguration@3210d5aa testClass = EsteticappApplicationTests, locations = '{}', classes = '{class edu.eci.cosw.EsteticappApplication}', contextInitializerClasses = '[]', activeProfiles = '{}', propertySourceLocations = '{}', propertySourceProperties = '{org.springframework.boot.test.context.SpringBootTestContextBootstrapper=true}', contextCustomizers = set[org.springframework.boot.test.context.SpringBootTestContextCustomizer@37476a0e, org.springframework.boot.test.context.filter.ExcludeFilterContextCustomizer@644dce47, org.springframework.boot.test.mock.mockito.MockitoContextCustomizer@0, org.springframework.boot.test.autoconfigure.properties.PropertyMappingContextCustomizer@0, org.springframework.boot.test.autoconfigure.web.servlet.WebDriverContextCustomizerFactory$Customizer@6e921189], resourceBasePath = 'src/main/webapp', contextLoader = 'org.springframework.boot.test.context.SpringBootContextLoader', parent = [null]]], class annotated with @DirtiesContext [false] with mode [null].
12:56:58.851 [Test worker] DEBUG org.springframework.test.annotation.ProfileValueUtils - Retrieved @ProfileValueSourceConfiguration [null] for test class [edu.eci.cosw.EsteticappApplicationTests]
12:56:58.853 [Test worker] DEBUG org.springframework.test.annotation.ProfileValueUtils - Retrieved ProfileValueSource type [class org.springframework.test.annotation.SystemProfileValueSource] for class [edu.eci.cosw.EsteticappApplicationTests]
12:56:59.248 [Test worker] DEBUG org.springframework.core.env.StandardEnvironment - Adding [systemProperties] PropertySource with lowest search precedence
12:56:59.250 [Test worker] DEBUG org.springframework.core.env.StandardEnvironment - Adding [systemEnvironment] PropertySource with lowest search precedence
12:56:59.251 [Test worker] DEBUG org.springframework.core.env.StandardEnvironment - Initialized StandardEnvironment with PropertySources [systemProperties,systemEnvironment]
12:56:59.256 [Test worker] DEBUG org.springframework.core.env.MutablePropertySources - Adding [inline] PropertySource with highest search precedence
12:56:59.283 [Test worker] DEBUG org.springframework.test.context.support.TestPropertySourceUtils - Adding inlined properties to environment: {spring.jmx.enabled=false, org.springframework.boot.test.context.SpringBootTestContextBootstrapper=true, server.port=-1}
12:56:59.285 [Test worker] DEBUG org.springframework.core.env.StandardEnvironment - Adding [Inlined Test Properties] PropertySource with highest search precedence

  .   ____          _            __ _ _
 /\\ / ___'_ __ _ _(_)_ __  __ _ \ \ \ \
( ( )\___ | '_ | '_| | '_ \/ _` | \ \ \ \
 \\/  ___)| |_)| | | | | || (_| |  ) ) ) )
  '  |____| .__|_| |_|_| |_\__, | / / / /
 =========|_|==============|___/=/_/_/_/
 :: Spring Boot ::        (v1.5.1.RELEASE)

2017-02-18 12:57:01.198  INFO 9724 --- [    Test worker] edu.eci.cosw.EsteticappApplicationTests  : Starting EsteticappApplicationTests on DESKTOP-M6PG1UP with PID 9724 (started by ANDRES CAICEDO in C:\Users\ANDRES CAICEDO\esteticWeb)
2017-02-18 12:57:01.201  INFO 9724 --- [    Test worker] edu.eci.cosw.EsteticappApplicationTests  : No active profile set, falling back to default profiles: default
2017-02-18 12:57:02.573  INFO 9724 --- [    Test worker] o.s.w.c.s.GenericWebApplicationContext   : Refreshing org.springframework.web.context.support.GenericWebApplicationContext@322afbc7: startup date [Sat Feb 18 12:57:02 COT 2017]; root of context hierarchy
2017-02-18 12:57:07.719  INFO 9724 --- [    Test worker] trationDelegate$BeanPostProcessorChecker : Bean 'org.springframework.boot.autoconfigure.validation.ValidationAutoConfiguration' of type [class org.springframework.boot.autoconfigure.validation.ValidationAutoConfiguration] is not eligible for getting processed by all BeanPostProcessors (for example: not eligible for auto-proxying)
2017-02-18 12:57:08.231  INFO 9724 --- [    Test worker] trationDelegate$BeanPostProcessorChecker : Bean 'validator' of type [class org.springframework.validation.beanvalidation.LocalValidatorFactoryBean] is not eligible for getting processed by all BeanPostProcessors (for example: not eligible for auto-proxying)
2017-02-18 12:57:08.627  INFO 9724 --- [    Test worker] trationDelegate$BeanPostProcessorChecker : Bean 'org.springframework.security.config.annotation.configuration.ObjectPostProcessorConfiguration' of type [class org.springframework.security.config.annotation.configuration.ObjectPostProcessorConfiguration$$EnhancerBySpringCGLIB$$c72a2fe3] is not eligible for getting processed by all BeanPostProcessors (for example: not eligible for auto-proxying)
2017-02-18 12:57:08.786  INFO 9724 --- [    Test worker] trationDelegate$BeanPostProcessorChecker : Bean 'objectPostProcessor' of type [class org.springframework.security.config.annotation.configuration.AutowireBeanFactoryObjectPostProcessor] is not eligible for getting processed by all BeanPostProcessors (for example: not eligible for auto-proxying)
2017-02-18 12:57:08.797  INFO 9724 --- [    Test worker] trationDelegate$BeanPostProcessorChecker : Bean 'org.springframework.security.access.expression.method.DefaultMethodSecurityExpressionHandler@51950e82' of type [class org.springframework.security.access.expression.method.DefaultMethodSecurityExpressionHandler] is not eligible for getting processed by all BeanPostProcessors (for example: not eligible for auto-proxying)
2017-02-18 12:57:08.862  INFO 9724 --- [    Test worker] trationDelegate$BeanPostProcessorChecker : Bean 'org.springframework.security.config.annotation.method.configuration.GlobalMethodSecurityConfiguration' of type [class org.springframework.security.config.annotation.method.configuration.GlobalMethodSecurityConfiguration$$EnhancerBySpringCGLIB$$ebfed295] is not eligible for getting processed by all BeanPostProcessors (for example: not eligible for auto-proxying)
2017-02-18 12:57:08.949  INFO 9724 --- [    Test worker] trationDelegate$BeanPostProcessorChecker : Bean 'methodSecurityMetadataSource' of type [class org.springframework.security.access.method.DelegatingMethodSecurityMetadataSource] is not eligible for getting processed by all BeanPostProcessors (for example: not eligible for auto-proxying)
2017-02-18 12:57:13.334  INFO 9724 --- [    Test worker] s.w.s.m.m.a.RequestMappingHandlerAdapter : Looking for @ControllerAdvice: org.springframework.web.context.support.GenericWebApplicationContext@322afbc7: startup date [Sat Feb 18 12:57:02 COT 2017]; root of context hierarchy
2017-02-18 12:57:14.142  INFO 9724 --- [    Test worker] s.w.s.m.m.a.RequestMappingHandlerMapping : Mapped "{[/categorias],methods=[GET]}" onto public org.springframework.http.ResponseEntity<?> edu.eci.cosw.controllersAPI.CategoriasControllerApi.getCategoriasManagement()
2017-02-18 12:57:14.148  INFO 9724 --- [    Test worker] s.w.s.m.m.a.RequestMappingHandlerMapping : Mapped "{[/app/user]}" onto public java.security.Principal edu.eci.cosw.controllersAPI.UserControllerApi.user(java.security.Principal)
2017-02-18 12:57:14.156  INFO 9724 --- [    Test worker] s.w.s.m.m.a.RequestMappingHandlerMapping : Mapped "{[/error]}" onto public org.springframework.http.ResponseEntity<java.util.Map<java.lang.String, java.lang.Object>> org.springframework.boot.autoconfigure.web.BasicErrorController.error(javax.servlet.http.HttpServletRequest)
2017-02-18 12:57:14.160  INFO 9724 --- [    Test worker] s.w.s.m.m.a.RequestMappingHandlerMapping : Mapped "{[/error],produces=[text/html]}" onto public org.springframework.web.servlet.ModelAndView org.springframework.boot.autoconfigure.web.BasicErrorController.errorHtml(javax.servlet.http.HttpServletRequest,javax.servlet.http.HttpServletResponse)
2017-02-18 12:57:15.722  INFO 9724 --- [    Test worker] o.s.w.s.handler.SimpleUrlHandlerMapping  : Mapped URL path [/webjars/**] onto handler of type [class org.springframework.web.servlet.resource.ResourceHttpRequestHandler]
2017-02-18 12:57:15.723  INFO 9724 --- [    Test worker] o.s.w.s.handler.SimpleUrlHandlerMapping  : Mapped URL path [/**] onto handler of type [class org.springframework.web.servlet.resource.ResourceHttpRequestHandler]
2017-02-18 12:57:16.173  INFO 9724 --- [    Test worker] o.s.w.s.handler.SimpleUrlHandlerMapping  : Mapped URL path [/**/favicon.ico] onto handler of type [class org.springframework.web.servlet.resource.ResourceHttpRequestHandler]
2017-02-18 12:57:17.673  INFO 9724 --- [    Test worker] b.a.s.AuthenticationManagerConfiguration : 

Using default security password: 81a7f589-4caa-4a60-b371-1fc72362096e

2017-02-18 12:57:17.692  INFO 9724 --- [    Test worker] o.s.s.web.DefaultSecurityFilterChain     : Creating filter chain: OrRequestMatcher [requestMatchers=[Ant [pattern='/css/**'], Ant [pattern='/js/**'], Ant [pattern='/images/**'], Ant [pattern='/webjars/**'], Ant [pattern='/**/favicon.ico'], Ant [pattern='/error']]], []
2017-02-18 12:57:18.212  INFO 9724 --- [    Test worker] o.s.s.web.DefaultSecurityFilterChain     : Creating filter chain: org.springframework.security.web.util.matcher.AnyRequestMatcher@1, [org.springframework.security.web.context.request.async.WebAsyncManagerIntegrationFilter@6c3adf9e, org.springframework.security.web.context.SecurityContextPersistenceFilter@5847037b, org.springframework.security.web.header.HeaderWriterFilter@2f00e45e, org.springframework.security.web.csrf.CsrfFilter@5b745270, edu.eci.cosw.EsteticappApplication$SecurityConfiguration$1@5df920da, org.springframework.security.web.authentication.logout.LogoutFilter@25be6954, org.springframework.security.web.authentication.www.BasicAuthenticationFilter@2b204e87, org.springframework.security.web.savedrequest.RequestCacheAwareFilter@70c51c22, org.springframework.security.web.servletapi.SecurityContextHolderAwareRequestFilter@89e4e01, org.springframework.security.web.authentication.AnonymousAuthenticationFilter@17a1e450, org.springframework.security.web.session.SessionManagementFilter@4f1cf743, org.springframework.security.web.access.ExceptionTranslationFilter@4fa22b49, org.springframework.security.web.access.intercept.FilterSecurityInterceptor@15b488d3]
2017-02-18 12:57:18.257  INFO 9724 --- [    Test worker] o.s.s.web.DefaultSecurityFilterChain     : Creating filter chain: OrRequestMatcher [requestMatchers=[Ant [pattern='/**']]], [org.springframework.security.web.context.request.async.WebAsyncManagerIntegrationFilter@55fe5c6b, org.springframework.security.web.context.SecurityContextPersistenceFilter@52f47732, org.springframework.security.web.header.HeaderWriterFilter@5fad1e03, org.springframework.security.web.authentication.logout.LogoutFilter@6d574a53, org.springframework.security.web.authentication.www.BasicAuthenticationFilter@1c6bfd2c, org.springframework.security.web.savedrequest.RequestCacheAwareFilter@1f64529, org.springframework.security.web.servletapi.SecurityContextHolderAwareRequestFilter@361c1e12, org.springframework.security.web.authentication.AnonymousAuthenticationFilter@1aba298f, org.springframework.security.web.session.SessionManagementFilter@6d86d2d0, org.springframework.security.web.access.ExceptionTranslationFilter@331c19bc, org.springframework.security.web.access.intercept.FilterSecurityInterceptor@51f11e70]
2017-02-18 12:57:19.460  INFO 9724 --- [    Test worker] edu.eci.cosw.EsteticappApplicationTests  : Started EsteticappApplicationTests in 20.1 seconds (JVM running for 26.734)
]]></system-out>
  <system-err><![CDATA[]]></system-err>
</testsuite>
